<?xml version="1.0" encoding="UTF-8"?>
<!-- Generated by org.testng.reporters.JUnitReportReporter -->
<testsuite hostname="PI-SGH342Q2CJ" failures="0" tests="4" name="ParallelTest.Parallel_Testing" time="30.414" errors="0" timestamp="2020-01-17T16:15:20 SGT" skipped="0">
  <testcase classname="ParallelTest.Parallel_Testing" name="test1" time="6.669"/>
  <testcase classname="ParallelTest.Parallel_Testing" name="test2" time="8.850"/>
  <testcase classname="ParallelTest.Parallel_Testing" name="test1" time="6.934"/>
  <testcase classname="ParallelTest.Parallel_Testing" name="test2" time="7.961"/>
</testsuite> <!-- ParallelTest.Parallel_Testing -->
