<?xml version="1.0" encoding="UTF-8"?>
<!-- Generated by org.testng.reporters.JUnitReportReporter -->
<testsuite hostname="PI-SGH342Q2CJ" failures="0" tests="1" name="ParallelTest.Chrome" time="7.614" errors="0" timestamp="2020-01-17T17:18:13 SGT" skipped="0">
  <testcase classname="ParallelTest.Chrome" name="test1" time="7.614"/>
</testsuite> <!-- ParallelTest.Chrome -->
